<?xml version="1.0" encoding="UTF-8"?>
<!-- Generated by org.testng.reporters.JUnitXMLReporter -->
<testsuite ignored="0" hostname="MSI" failures="0" tests="7" name="Pet Tests" time="27.188" errors="0" timestamp="2021-05-02T02:07:43 IST">
  <testcase classname="com.zooplus.tests.PetTests" name="createPetTest" time="9.083"/>
  <testcase classname="com.zooplus.tests.PetTests" name="deletePetTest" time="3.75"/>
  <testcase classname="com.zooplus.tests.PetTests" name="getPetByIdTest" time="2.661"/>
  <testcase classname="com.zooplus.tests.PetTests" name="getPetByStatusTest" time="1.634"/>
  <testcase classname="com.zooplus.tests.PetTests" name="updatePetFormDataTest" time="3.507"/>
  <testcase classname="com.zooplus.tests.PetTests" name="updatePetTest" time="3.371"/>
  <testcase classname="com.zooplus.tests.PetTests" name="uploadImageTest" time="3.078"/>
</testsuite> <!-- Pet Tests -->
