<?xml version="1.0" encoding="UTF-8"?>
<!-- Generated by org.testng.reporters.JUnitXMLReporter -->
<testsuite ignored="0" hostname="MSI" failures="0" tests="7" name="Default test" time="25.526" errors="0" timestamp="2021-05-02T13:32:35 IST">
  <testcase classname="com.zooplus.tests.PetTests" name="createPetTest" time="7.347"/>
  <testcase classname="com.zooplus.tests.PetTests" name="deletePetTest" time="4.267"/>
  <testcase classname="com.zooplus.tests.PetTests" name="getPetByIdTest" time="2.681"/>
  <testcase classname="com.zooplus.tests.PetTests" name="getPetByStatusTest" time="0.814"/>
  <testcase classname="com.zooplus.tests.PetTests" name="updatePetFormDataTest" time="2.359"/>
  <testcase classname="com.zooplus.tests.PetTests" name="updatePetTest" time="3.781"/>
  <testcase classname="com.zooplus.tests.PetTests" name="uploadImageTest" time="4.195"/>
</testsuite> <!-- Default test -->
