<?xml version="1.0" encoding="UTF-8"?>
<!-- Generated by org.testng.reporters.JUnitXMLReporter -->
<testsuite ignored="6" hostname="MSI" failures="0" tests="1" name="Default test" time="5.461" errors="0" timestamp="2021-05-02T12:21:45 IST">
  <testcase classname="com.zooplus.tests.PetTests" name="getPetByStatusTest" time="5.38"/>
  <testcase classname="com.zooplus.tests.PetTests" name="getPetByIdTest" time="0.0">
    <ignored/>
  </testcase> <!-- getPetByIdTest -->
  <testcase classname="com.zooplus.tests.PetTests" name="createPetTest" time="0.0">
    <ignored/>
  </testcase> <!-- createPetTest -->
  <testcase classname="com.zooplus.tests.PetTests" name="uploadImageTest" time="0.0">
    <ignored/>
  </testcase> <!-- uploadImageTest -->
  <testcase classname="com.zooplus.tests.PetTests" name="deletePetTest" time="0.0">
    <ignored/>
  </testcase> <!-- deletePetTest -->
  <testcase classname="com.zooplus.tests.PetTests" name="updatePetTest" time="0.0">
    <ignored/>
  </testcase> <!-- updatePetTest -->
  <testcase classname="com.zooplus.tests.PetTests" name="updatePetFormDataTest" time="0.0">
    <ignored/>
  </testcase> <!-- updatePetFormDataTest -->
</testsuite> <!-- Default test -->
