<?xml version="1.0" encoding="UTF-8"?>
<testng-results ignored="0" total="7" passed="7" failed="0" skipped="0">
  <reporter-output>
  </reporter-output>
  <suite started-at="2021-05-02T13:32:10 IST" name="Default suite" finished-at="2021-05-02T13:32:35 IST" duration-ms="25526">
    <groups>
    </groups>
    <test started-at="2021-05-02T13:32:10 IST" name="Default test" finished-at="2021-05-02T13:32:35 IST" duration-ms="25526">
      <class name="com.zooplus.tests.PetTests">
        <test-method is-config="true" signature="setBaseUri()[pri:0, instance:com.zooplus.tests.PetTests@543588e6]" started-at="2021-05-02T13:32:08 IST" name="setBaseUri" finished-at="2021-05-02T13:32:10 IST" duration-ms="1614" status="PASS">
          <reporter-output>
          </reporter-output>
        </test-method> <!-- setBaseUri -->
        <test-method is-config="true" signature="createPetPayLoad()[pri:0, instance:com.zooplus.tests.PetTests@543588e6]" started-at="2021-05-02T13:32:10 IST" name="createPetPayLoad" finished-at="2021-05-02T13:32:10 IST" duration-ms="1" status="PASS">
          <reporter-output>
          </reporter-output>
        </test-method> <!-- createPetPayLoad -->
        <test-method signature="createPetTest()[pri:0, instance:com.zooplus.tests.PetTests@543588e6]" started-at="2021-05-02T13:32:10 IST" name="createPetTest" finished-at="2021-05-02T13:32:17 IST" duration-ms="7347" status="PASS">
          <reporter-output>
          </reporter-output>
        </test-method> <!-- createPetTest -->
        <test-method signature="deletePetTest()[pri:0, instance:com.zooplus.tests.PetTests@543588e6]" started-at="2021-05-02T13:32:17 IST" name="deletePetTest" finished-at="2021-05-02T13:32:21 IST" duration-ms="4267" status="PASS">
          <reporter-output>
          </reporter-output>
        </test-method> <!-- deletePetTest -->
        <test-method signature="getPetByIdTest()[pri:0, instance:com.zooplus.tests.PetTests@543588e6]" started-at="2021-05-02T13:32:21 IST" name="getPetByIdTest" finished-at="2021-05-02T13:32:24 IST" duration-ms="2681" status="PASS">
          <reporter-output>
          </reporter-output>
        </test-method> <!-- getPetByIdTest -->
        <test-method signature="getPetByStatusTest()[pri:0, instance:com.zooplus.tests.PetTests@543588e6]" started-at="2021-05-02T13:32:24 IST" name="getPetByStatusTest" finished-at="2021-05-02T13:32:25 IST" duration-ms="814" status="PASS">
          <reporter-output>
          </reporter-output>
        </test-method> <!-- getPetByStatusTest -->
        <test-method signature="updatePetFormDataTest()[pri:0, instance:com.zooplus.tests.PetTests@543588e6]" started-at="2021-05-02T13:32:25 IST" name="updatePetFormDataTest" finished-at="2021-05-02T13:32:27 IST" duration-ms="2359" status="PASS">
          <reporter-output>
          </reporter-output>
        </test-method> <!-- updatePetFormDataTest -->
        <test-method signature="updatePetTest()[pri:0, instance:com.zooplus.tests.PetTests@543588e6]" started-at="2021-05-02T13:32:27 IST" name="updatePetTest" finished-at="2021-05-02T13:32:31 IST" duration-ms="3781" status="PASS">
          <reporter-output>
          </reporter-output>
        </test-method> <!-- updatePetTest -->
        <test-method signature="uploadImageTest()[pri:0, instance:com.zooplus.tests.PetTests@543588e6]" started-at="2021-05-02T13:32:31 IST" name="uploadImageTest" finished-at="2021-05-02T13:32:35 IST" duration-ms="4195" status="PASS">
          <reporter-output>
          </reporter-output>
        </test-method> <!-- uploadImageTest -->
      </class> <!-- com.zooplus.tests.PetTests -->
    </test> <!-- Default test -->
  </suite> <!-- Default suite -->
</testng-results>
